Using pre-set license
Built from '2020.2/release' branch; Version is '2020.2.2f1 (068178b99f32) revision 426360'; Using compiler version '192528614'; Build Type 'Release'
OS: 'Windows 10 Education; OS build 19041.985; Version 2004; 64bit' Language: 'ko' Physical Memory: 16314 MB
BatchMode: 1, IsHumanControllingUs: 0, StartBugReporterOnCrash: 0, Is64bit: 1, IsPro: 0

 COMMAND LINE ARGUMENTS:
C:\Program Files\Unity\Hub\Editor\2020.2.2f1\Editor\Unity.exe
-adb2
-batchMode
-noUpm
-name
AssetImportWorker0
-projectPath
D:/2DGame/2DGame
-logFile
Logs/AssetImportWorker0.log
-srvPort
64822
Successfully changed project path to: D:/2DGame/2DGame
D:/2DGame/2DGame
Using Asset Import Pipeline V2.
Refreshing native plugins compatible for Editor in 60.99 ms, found 2 plugins.
Preloading 0 native plugins for Editor in 0.00 ms.
Initialize engine version: 2020.2.2f1 (068178b99f32)
[Subsystems] Discovering subsystems at path C:/Program Files/Unity/Hub/Editor/2020.2.2f1/Editor/Data/Resources/UnitySubsystems
[Subsystems] Discovering subsystems at path D:/2DGame/2DGame/Assets
GfxDevice: creating device client; threaded=0
Direct3D:
    Version:  Direct3D 11.0 [level 11.1]
    Renderer: NVIDIA GeForce GTX 1080 (ID=0x1b80)
    Vendor:   
    VRAM:     8079 MB
    Driver:   27.21.14.6611
Initialize mono
Mono path[0] = 'C:/Program Files/Unity/Hub/Editor/2020.2.2f1/Editor/Data/Managed'
Mono path[1] = 'C:/Program Files/Unity/Hub/Editor/2020.2.2f1/Editor/Data/MonoBleedingEdge/lib/mono/unityjit'
Mono config path = 'C:/Program Files/Unity/Hub/Editor/2020.2.2f1/Editor/Data/MonoBleedingEdge/etc'
Using monoOptions --debugger-agent=transport=dt_socket,embedding=1,server=y,suspend=n,address=127.0.0.1:56272
Begin MonoManager ReloadAssembly
Registering precompiled unity dll's ...
Register platform support module: C:/Program Files/Unity/Hub/Editor/2020.2.2f1/Editor/Data/PlaybackEngines/WindowsStandaloneSupport/UnityEditor.WindowsStandalone.Extensions.dll
Registered in 0.003559 seconds.
Native extension for WindowsStandalone target not found
Refreshing native plugins compatible for Editor in 52.51 ms, found 2 plugins.
Preloading 0 native plugins for Editor in 0.00 ms.
Invoked RoslynAnalysisRunner static constructor.
RoslynAnalysisRunner will not be running.
RoslynAnalysisRunner has terminated.
Mono: successfully reloaded assembly
- Completed reload, in  2.411 seconds
Platform modules already initialized, skipping
Registering precompiled user dll's ...
Registered in 0.010782 seconds.
Begin MonoManager ReloadAssembly
Native extension for WindowsStandalone target not found
Refreshing native plugins compatible for Editor in 42.59 ms, found 2 plugins.
Preloading 0 native plugins for Editor in 0.00 ms.
Invoked RoslynAnalysisRunner static constructor.
RoslynAnalysisRunner will not be running.
RoslynAnalysisRunner has terminated.
Mono: successfully reloaded assembly
- Completed reload, in  1.190 seconds
Platform modules already initialized, skipping
========================================================================
Worker process is ready to serve import requests
Launched and connected shader compiler UnityShaderCompiler.exe after 0.06 seconds
Refreshing native plugins compatible for Editor in 0.54 ms, found 2 plugins.
Preloading 0 native plugins for Editor in 0.00 ms.
Unloading 1811 Unused Serialized files (Serialized files now loaded: 0)
System memory in use before: 87.9 MB.
System memory in use after: 87.9 MB.

Unloading 40 unused Assets to reduce memory usage. Loaded Objects now: 2321.
Total: 2.273700 ms (FindLiveObjects: 0.233600 ms CreateObjectMapping: 0.114000 ms MarkObjects: 1.738300 ms  DeleteObjects: 0.186700 ms)

========================================================================
Received Import Request.
  path: Assets/Macro/Enemy.asset
  artifactKey: Guid(5ef29cbaf6785864f8744e54f3e90242) Importer(815301076,1909f56bfc062723c751e8b465ee728b)
Start importing Assets/Macro/Enemy.asset using Guid(5ef29cbaf6785864f8744e54f3e90242) Importer(815301076,1909f56bfc062723c751e8b465ee728b)  -> (artifact id: 'dc9479123f39d09254fd3ef941cbcfbf') in 0.752249 seconds
  Import took 0.784062 seconds .

========================================================================
Received Import Request.
  Time since last request: 0.000273 seconds.
  path: Assets/Macro/Player.asset
  artifactKey: Guid(ac97645e31251124ebaecfa2d5686ff0) Importer(815301076,1909f56bfc062723c751e8b465ee728b)
Start importing Assets/Macro/Player.asset using Guid(ac97645e31251124ebaecfa2d5686ff0) Importer(815301076,1909f56bfc062723c751e8b465ee728b)  -> (artifact id: '647d11406e696dccf8ccd22357ce3ba4') in 0.142592 seconds
  Import took 0.159037 seconds .

========================================================================
Received Import Request.
  Time since last request: 14.667211 seconds.
  path: Assets/Script/Camera.cs
  artifactKey: Guid(18aa0fde4029fc0419fb8242c69c751b) Importer(815301076,1909f56bfc062723c751e8b465ee728b)
Start importing Assets/Script/Camera.cs using Guid(18aa0fde4029fc0419fb8242c69c751b) Importer(815301076,1909f56bfc062723c751e8b465ee728b)  -> (artifact id: '2c8991864eafdcc2b119c7a0ee416202') in 0.018593 seconds
  Import took 0.048961 seconds .

========================================================================
Received Prepare
Registering precompiled user dll's ...
Registered in 0.007625 seconds.
Begin MonoManager ReloadAssembly
Native extension for WindowsStandalone target not found
Refreshing native plugins compatible for Editor in 0.76 ms, found 2 plugins.
Preloading 0 native plugins for Editor in 0.00 ms.
Invoked RoslynAnalysisRunner static constructor.
RoslynAnalysisRunner will not be running.
RoslynAnalysisRunner has terminated.
Mono: successfully reloaded assembly
- Completed reload, in  1.134 seconds
Platform modules already initialized, skipping
Refreshing native plugins compatible for Editor in 1.29 ms, found 2 plugins.
Preloading 0 native plugins for Editor in 0.00 ms.
Unloading 1807 Unused Serialized files (Serialized files now loaded: 0)
System memory in use before: 88.0 MB.
System memory in use after: 88.0 MB.

Unloading 28 unused Assets to reduce memory usage. Loaded Objects now: 2325.
Total: 2.533700 ms (FindLiveObjects: 0.216100 ms CreateObjectMapping: 0.101000 ms MarkObjects: 2.075000 ms  DeleteObjects: 0.140100 ms)

========================================================================
Received Prepare
Registering precompiled user dll's ...
Registered in 0.007846 seconds.
Begin MonoManager ReloadAssembly
Native extension for WindowsStandalone target not found
Refreshing native plugins compatible for Editor in 0.71 ms, found 2 plugins.
Preloading 0 native plugins for Editor in 0.00 ms.
Invoked RoslynAnalysisRunner static constructor.
RoslynAnalysisRunner will not be running.
RoslynAnalysisRunner has terminated.
Mono: successfully reloaded assembly
- Completed reload, in  1.129 seconds
Platform modules already initialized, skipping
Refreshing native plugins compatible for Editor in 0.90 ms, found 2 plugins.
Preloading 0 native plugins for Editor in 0.00 ms.
Unloading 1807 Unused Serialized files (Serialized files now loaded: 0)
System memory in use before: 88.1 MB.
System memory in use after: 88.1 MB.

Unloading 28 unused Assets to reduce memory usage. Loaded Objects now: 2328.
Total: 2.682700 ms (FindLiveObjects: 0.251700 ms CreateObjectMapping: 0.110100 ms MarkObjects: 2.180000 ms  DeleteObjects: 0.139200 ms)

========================================================================
Received Import Request.
  Time since last request: 134.668886 seconds.
  path: Assets/Script/Camera.cs
  artifactKey: Guid(18aa0fde4029fc0419fb8242c69c751b) Importer(815301076,1909f56bfc062723c751e8b465ee728b)
Start importing Assets/Script/Camera.cs using Guid(18aa0fde4029fc0419fb8242c69c751b) Importer(815301076,1909f56bfc062723c751e8b465ee728b)  -> (artifact id: 'cfc72a3cbcb42356871e77e2d65935a5') in 0.006708 seconds
  Import took 0.031620 seconds .

========================================================================
Received Prepare
Registering precompiled user dll's ...
Registered in 0.009870 seconds.
Begin MonoManager ReloadAssembly
Native extension for WindowsStandalone target not found
Refreshing native plugins compatible for Editor in 0.56 ms, found 2 plugins.
Preloading 0 native plugins for Editor in 0.00 ms.
Invoked RoslynAnalysisRunner static constructor.
RoslynAnalysisRunner will not be running.
RoslynAnalysisRunner has terminated.
Mono: successfully reloaded assembly
- Completed reload, in  1.137 seconds
Platform modules already initialized, skipping
Refreshing native plugins compatible for Editor in 0.97 ms, found 2 plugins.
Preloading 0 native plugins for Editor in 0.00 ms.
Unloading 1807 Unused Serialized files (Serialized files now loaded: 0)
System memory in use before: 88.2 MB.
System memory in use after: 88.2 MB.

Unloading 28 unused Assets to reduce memory usage. Loaded Objects now: 2331.
Total: 3.306900 ms (FindLiveObjects: 0.283000 ms CreateObjectMapping: 0.101000 ms MarkObjects: 2.745500 ms  DeleteObjects: 0.175900 ms)

========================================================================
Received Prepare
Registering precompiled user dll's ...
Registered in 0.007007 seconds.
Begin MonoManager ReloadAssembly
Native extension for WindowsStandalone target not found
Refreshing native plugins compatible for Editor in 0.66 ms, found 2 plugins.
Preloading 0 native plugins for Editor in 0.00 ms.
Invoked RoslynAnalysisRunner static constructor.
RoslynAnalysisRunner will not be running.
RoslynAnalysisRunner has terminated.
Mono: successfully reloaded assembly
- Completed reload, in  1.190 seconds
Platform modules already initialized, skipping
Refreshing native plugins compatible for Editor in 0.56 ms, found 2 plugins.
Preloading 0 native plugins for Editor in 0.00 ms.
Unloading 1807 Unused Serialized files (Serialized files now loaded: 0)
System memory in use before: 88.3 MB.
System memory in use after: 88.3 MB.

Unloading 28 unused Assets to reduce memory usage. Loaded Objects now: 2334.
Total: 2.947600 ms (FindLiveObjects: 0.444700 ms CreateObjectMapping: 0.097800 ms MarkObjects: 2.257400 ms  DeleteObjects: 0.146000 ms)

========================================================================
Received Prepare
Registering precompiled user dll's ...
Registered in 0.007212 seconds.
Begin MonoManager ReloadAssembly
Native extension for WindowsStandalone target not found
Refreshing native plugins compatible for Editor in 0.58 ms, found 2 plugins.
Preloading 0 native plugins for Editor in 0.00 ms.
Invoked RoslynAnalysisRunner static constructor.
RoslynAnalysisRunner will not be running.
RoslynAnalysisRunner has terminated.
Mono: successfully reloaded assembly
- Completed reload, in  1.221 seconds
Platform modules already initialized, skipping
Refreshing native plugins compatible for Editor in 1.00 ms, found 2 plugins.
Preloading 0 native plugins for Editor in 0.00 ms.
Unloading 1807 Unused Serialized files (Serialized files now loaded: 0)
System memory in use before: 88.4 MB.
System memory in use after: 88.4 MB.

Unloading 28 unused Assets to reduce memory usage. Loaded Objects now: 2337.
Total: 2.416600 ms (FindLiveObjects: 0.315100 ms CreateObjectMapping: 0.093700 ms MarkObjects: 1.872000 ms  DeleteObjects: 0.133700 ms)

========================================================================
Received Import Request.
  Time since last request: 350.718942 seconds.
  path: Assets/Button
  artifactKey: Guid(224a78b557c5d3d48a795d628420484d) Importer(815301076,1909f56bfc062723c751e8b465ee728b)
Start importing Assets/Button using Guid(224a78b557c5d3d48a795d628420484d) Importer(815301076,1909f56bfc062723c751e8b465ee728b)  -> (artifact id: '1ffc9d110f8b4bc9929c75dfc531aa6c') in 0.010747 seconds
  Import took 0.036343 seconds .

========================================================================
Received Import Request.
  Time since last request: 2.312425 seconds.
  path: Assets/UI
  artifactKey: Guid(679e4f5f04db6c345891c7818b1c404f) Importer(815301076,1909f56bfc062723c751e8b465ee728b)
Start importing Assets/UI using Guid(679e4f5f04db6c345891c7818b1c404f) Importer(815301076,1909f56bfc062723c751e8b465ee728b)  -> (artifact id: '2f16a3f6c96e266933668cc5753adb4b') in 0.029751 seconds
  Import took 0.056844 seconds .

========================================================================
Received Import Request.
  Time since last request: 0.038511 seconds.
  path: Assets/UI/Pad.png
  artifactKey: Guid(af6aa673cbe2ddc448add13f124780f3) Importer(815301076,1909f56bfc062723c751e8b465ee728b)
Start importing Assets/UI/Pad.png using Guid(af6aa673cbe2ddc448add13f124780f3) Importer(815301076,1909f56bfc062723c751e8b465ee728b)  -> (artifact id: '6b8c180c7094d09741ba1d46e6ba7fad') in 0.137491 seconds
  Import took 0.141396 seconds .

========================================================================
Received Import Request.
  Time since last request: 0.000344 seconds.
  path: Assets/UI/Platform.png
  artifactKey: Guid(9f0cc23a2042133458dec1bf66e80cad) Importer(815301076,1909f56bfc062723c751e8b465ee728b)
Start importing Assets/UI/Platform.png using Guid(9f0cc23a2042133458dec1bf66e80cad) Importer(815301076,1909f56bfc062723c751e8b465ee728b)  -> (artifact id: '379d6577cd8ea601bcf44152f8233342') in 0.020072 seconds
  Import took 0.050391 seconds .

========================================================================
Received Import Request.
  Time since last request: 0.000256 seconds.
  path: Assets/UI/Spikes.png
  artifactKey: Guid(51b0e589ecf7b8740ba1a2cf76093561) Importer(815301076,1909f56bfc062723c751e8b465ee728b)
Start importing Assets/UI/Spikes.png using Guid(51b0e589ecf7b8740ba1a2cf76093561) Importer(815301076,1909f56bfc062723c751e8b465ee728b)  -> (artifact id: '6b8e65978b3d252c19e41169d6e5fd11') in 0.044282 seconds
  Import took 0.047809 seconds .

========================================================================
Received Import Request.
  Time since last request: 0.000246 seconds.
  path: Assets/UI/Sky.png
  artifactKey: Guid(dbf7a627b298bfd4f96ebc02be54bb3c) Importer(815301076,1909f56bfc062723c751e8b465ee728b)
Start importing Assets/UI/Sky.png using Guid(dbf7a627b298bfd4f96ebc02be54bb3c) Importer(815301076,1909f56bfc062723c751e8b465ee728b)  -> (artifact id: 'ed2cae446b961b6661d15ae13f763091') in 0.020280 seconds
  Import took 0.026244 seconds .

========================================================================
Received Import Request.
  Time since last request: 0.000285 seconds.
  path: Assets/UI/UI.png
  artifactKey: Guid(bc99ec343cc9acd4db113950b3a41d2a) Importer(815301076,1909f56bfc062723c751e8b465ee728b)
Start importing Assets/UI/UI.png using Guid(bc99ec343cc9acd4db113950b3a41d2a) Importer(815301076,1909f56bfc062723c751e8b465ee728b)  -> (artifact id: 'ecb83a251f506f720b32f4c05fd28b81') in 0.014264 seconds
  Import took 0.018945 seconds .

========================================================================
Received Import Request.
  Time since last request: 42.731691 seconds.
  path: Assets/UI/Platform.png
  artifactKey: Guid(9f0cc23a2042133458dec1bf66e80cad) Importer(815301076,1909f56bfc062723c751e8b465ee728b)
Start importing Assets/UI/Platform.png using Guid(9f0cc23a2042133458dec1bf66e80cad) Importer(815301076,1909f56bfc062723c751e8b465ee728b)  -> (artifact id: 'd1e1fd139abf46b81c5c36827d015fde') in 0.030538 seconds
  Import took 0.055884 seconds .

========================================================================
Received Import Request.
  Time since last request: 149.953914 seconds.
  path: Assets/UI/Platform.png
  artifactKey: Guid(9f0cc23a2042133458dec1bf66e80cad) Importer(815301076,1909f56bfc062723c751e8b465ee728b)
Start importing Assets/UI/Platform.png using Guid(9f0cc23a2042133458dec1bf66e80cad) Importer(815301076,1909f56bfc062723c751e8b465ee728b)  -> (artifact id: '84976932ec9732146b0ece8dd15bdd89') in 0.029623 seconds
  Import took 0.054536 seconds .

========================================================================
Received Import Request.
  Time since last request: 115.995790 seconds.
  path: Assets/UI/Platform_1.asset
  artifactKey: Guid(3b4dfb92fb0cba14389b16aa83b606ca) Importer(815301076,1909f56bfc062723c751e8b465ee728b)
Start importing Assets/UI/Platform_1.asset using Guid(3b4dfb92fb0cba14389b16aa83b606ca) Importer(815301076,1909f56bfc062723c751e8b465ee728b)  -> (artifact id: '1aab0088da8d840c2182cc174162befd') in 0.076115 seconds
  Import took 0.096332 seconds .

========================================================================
Received Import Request.
  Time since last request: 4.578125 seconds.
  path: Assets/UI/Platform_2.asset
  artifactKey: Guid(fbfdf3451013d1445af44ecb83ba1152) Importer(815301076,1909f56bfc062723c751e8b465ee728b)
Start importing Assets/UI/Platform_2.asset using Guid(fbfdf3451013d1445af44ecb83ba1152) Importer(815301076,1909f56bfc062723c751e8b465ee728b)  -> (artifact id: '212c60b88bd9f3cc5f09fd9b38e4a6d1') in 0.019164 seconds
  Import took 0.038703 seconds .

========================================================================
Received Prepare
Registering precompiled user dll's ...
Registered in 0.008091 seconds.
Begin MonoManager ReloadAssembly
Native extension for WindowsStandalone target not found
Refreshing native plugins compatible for Editor in 0.44 ms, found 2 plugins.
Preloading 0 native plugins for Editor in 0.00 ms.
Invoked RoslynAnalysisRunner static constructor.
RoslynAnalysisRunner will not be running.
RoslynAnalysisRunner has terminated.
Mono: successfully reloaded assembly
- Completed reload, in  1.035 seconds
Platform modules already initialized, skipping
Refreshing native plugins compatible for Editor in 0.89 ms, found 2 plugins.
Preloading 0 native plugins for Editor in 0.00 ms.
Unloading 1807 Unused Serialized files (Serialized files now loaded: 0)
System memory in use before: 91.5 MB.
System memory in use after: 91.5 MB.

Unloading 28 unused Assets to reduce memory usage. Loaded Objects now: 2354.
Total: 3.841100 ms (FindLiveObjects: 0.310800 ms CreateObjectMapping: 0.090400 ms MarkObjects: 3.234300 ms  DeleteObjects: 0.204200 ms)

========================================================================
Received Prepare
Registering precompiled user dll's ...
Registered in 0.007604 seconds.
Begin MonoManager ReloadAssembly
Native extension for WindowsStandalone target not found
Refreshing native plugins compatible for Editor in 0.53 ms, found 2 plugins.
Preloading 0 native plugins for Editor in 0.00 ms.
Invoked RoslynAnalysisRunner static constructor.
RoslynAnalysisRunner will not be running.
RoslynAnalysisRunner has terminated.
Mono: successfully reloaded assembly
- Completed reload, in  1.108 seconds
Platform modules already initialized, skipping
Refreshing native plugins compatible for Editor in 0.84 ms, found 2 plugins.
Preloading 0 native plugins for Editor in 0.00 ms.
Unloading 1807 Unused Serialized files (Serialized files now loaded: 0)
System memory in use before: 91.6 MB.
System memory in use after: 91.6 MB.

Unloading 28 unused Assets to reduce memory usage. Loaded Objects now: 2357.
Total: 3.530100 ms (FindLiveObjects: 0.305600 ms CreateObjectMapping: 0.110800 ms MarkObjects: 2.955600 ms  DeleteObjects: 0.156100 ms)

========================================================================
Received Import Request.
  Time since last request: 359.525068 seconds.
  path: Assets/UI/Platform.png
  artifactKey: Guid(9f0cc23a2042133458dec1bf66e80cad) Importer(815301076,1909f56bfc062723c751e8b465ee728b)
Start importing Assets/UI/Platform.png using Guid(9f0cc23a2042133458dec1bf66e80cad) Importer(815301076,1909f56bfc062723c751e8b465ee728b)  -> (artifact id: 'ef26605ae7e0be203efee2cb00ef3249') in 0.081157 seconds
  Import took 0.095866 seconds .

========================================================================
Received Prepare
Registering precompiled user dll's ...
Registered in 0.007683 seconds.
Begin MonoManager ReloadAssembly
Native extension for WindowsStandalone target not found
Refreshing native plugins compatible for Editor in 0.58 ms, found 2 plugins.
Preloading 0 native plugins for Editor in 0.00 ms.
Invoked RoslynAnalysisRunner static constructor.
RoslynAnalysisRunner will not be running.
RoslynAnalysisRunner has terminated.
Mono: successfully reloaded assembly
- Completed reload, in  1.064 seconds
Platform modules already initialized, skipping
Refreshing native plugins compatible for Editor in 0.52 ms, found 2 plugins.
Preloading 0 native plugins for Editor in 0.00 ms.
Unloading 1807 Unused Serialized files (Serialized files now loaded: 0)
System memory in use before: 91.7 MB.
System memory in use after: 91.7 MB.

Unloading 28 unused Assets to reduce memory usage. Loaded Objects now: 2361.
Total: 3.996800 ms (FindLiveObjects: 0.307000 ms CreateObjectMapping: 0.116100 ms MarkObjects: 3.420300 ms  DeleteObjects: 0.151500 ms)

========================================================================
Received Prepare
Registering precompiled user dll's ...
Registered in 0.009274 seconds.
Begin MonoManager ReloadAssembly
Native extension for WindowsStandalone target not found
Refreshing native plugins compatible for Editor in 0.73 ms, found 2 plugins.
Preloading 0 native plugins for Editor in 0.00 ms.
Invoked RoslynAnalysisRunner static constructor.
RoslynAnalysisRunner will not be running.
RoslynAnalysisRunner has terminated.
Mono: successfully reloaded assembly
- Completed reload, in  1.039 seconds
Platform modules already initialized, skipping
Refreshing native plugins compatible for Editor in 0.53 ms, found 2 plugins.
Preloading 0 native plugins for Editor in 0.00 ms.
Unloading 1807 Unused Serialized files (Serialized files now loaded: 0)
System memory in use before: 91.8 MB.
System memory in use after: 91.8 MB.

Unloading 28 unused Assets to reduce memory usage. Loaded Objects now: 2364.
Total: 2.628100 ms (FindLiveObjects: 0.220100 ms CreateObjectMapping: 0.067400 ms MarkObjects: 2.110600 ms  DeleteObjects: 0.228700 ms)

========================================================================
Received Prepare
Registering precompiled user dll's ...
Registered in 0.008007 seconds.
Begin MonoManager ReloadAssembly
Native extension for WindowsStandalone target not found
Refreshing native plugins compatible for Editor in 0.44 ms, found 2 plugins.
Preloading 0 native plugins for Editor in 0.00 ms.
Invoked RoslynAnalysisRunner static constructor.
RoslynAnalysisRunner will not be running.
RoslynAnalysisRunner has terminated.
Mono: successfully reloaded assembly
- Completed reload, in  1.118 seconds
Platform modules already initialized, skipping
Refreshing native plugins compatible for Editor in 0.46 ms, found 2 plugins.
Preloading 0 native plugins for Editor in 0.00 ms.
Unloading 1807 Unused Serialized files (Serialized files now loaded: 0)
System memory in use before: 91.8 MB.
System memory in use after: 91.8 MB.

Unloading 28 unused Assets to reduce memory usage. Loaded Objects now: 2367.
Total: 4.807900 ms (FindLiveObjects: 0.948900 ms CreateObjectMapping: 0.300300 ms MarkObjects: 3.407900 ms  DeleteObjects: 0.148700 ms)

========================================================================
Received Prepare
Registering precompiled user dll's ...
Registered in 0.006750 seconds.
Begin MonoManager ReloadAssembly
Native extension for WindowsStandalone target not found
Refreshing native plugins compatible for Editor in 0.76 ms, found 2 plugins.
Preloading 0 native plugins for Editor in 0.00 ms.
Invoked RoslynAnalysisRunner static constructor.
RoslynAnalysisRunner will not be running.
RoslynAnalysisRunner has terminated.
Mono: successfully reloaded assembly
- Completed reload, in  1.142 seconds
Platform modules already initialized, skipping
Refreshing native plugins compatible for Editor in 0.53 ms, found 2 plugins.
Preloading 0 native plugins for Editor in 0.00 ms.
Unloading 1807 Unused Serialized files (Serialized files now loaded: 0)
System memory in use before: 91.9 MB.
System memory in use after: 91.9 MB.

Unloading 28 unused Assets to reduce memory usage. Loaded Objects now: 2370.
Total: 2.178500 ms (FindLiveObjects: 0.221300 ms CreateObjectMapping: 0.095800 ms MarkObjects: 1.729300 ms  DeleteObjects: 0.130800 ms)

========================================================================
Received Import Request.
  Time since last request: 522.504267 seconds.
  path: Assets/Scenes/SampleScene.unity
  artifactKey: Guid(2cda990e2423bbf4892e6590ba056729) Importer(815301076,1909f56bfc062723c751e8b465ee728b)
Start importing Assets/Scenes/SampleScene.unity using Guid(2cda990e2423bbf4892e6590ba056729) Importer(815301076,1909f56bfc062723c751e8b465ee728b)  -> (artifact id: 'c311efadc068721413cc657701d3f6b2') in 0.018326 seconds
  Import took 0.054194 seconds .

========================================================================
Received Import Request.
  Time since last request: 12.369442 seconds.
  path: Assets/Scenes/Level1.unity
  artifactKey: Guid(9be27c4f631ae6c4b8b36764fbc443ff) Importer(815301076,1909f56bfc062723c751e8b465ee728b)
Start importing Assets/Scenes/Level1.unity using Guid(9be27c4f631ae6c4b8b36764fbc443ff) Importer(815301076,1909f56bfc062723c751e8b465ee728b)  -> (artifact id: 'b40343ca3eebdc811794e55fb4dd5a6d') in 0.007130 seconds
  Import took 0.019461 seconds .

========================================================================
Received Import Request.
  Time since last request: 6.968357 seconds.
  path: Assets/Scenes/Level2.unity
  artifactKey: Guid(d6f054b536fad264e891187cc320191f) Importer(815301076,1909f56bfc062723c751e8b465ee728b)
Start importing Assets/Scenes/Level2.unity using Guid(d6f054b536fad264e891187cc320191f) Importer(815301076,1909f56bfc062723c751e8b465ee728b)  -> (artifact id: 'e59509ca94e260c191241e46d101bbca') in 0.007193 seconds
  Import took 0.026912 seconds .

========================================================================
Received Import Request.
  Time since last request: 111.662461 seconds.
  path: Assets/UI/Pad.png
  artifactKey: Guid(af6aa673cbe2ddc448add13f124780f3) Importer(815301076,1909f56bfc062723c751e8b465ee728b)
Start importing Assets/UI/Pad.png using Guid(af6aa673cbe2ddc448add13f124780f3) Importer(815301076,1909f56bfc062723c751e8b465ee728b)  -> (artifact id: 'c2b05eebd5d63a245ca43d8413ee8100') in 0.035593 seconds
  Import took 0.051930 seconds .

========================================================================
Received Import Request.
  Time since last request: 21.158938 seconds.
  path: Assets/UI/Pad.png
  artifactKey: Guid(af6aa673cbe2ddc448add13f124780f3) Importer(815301076,1909f56bfc062723c751e8b465ee728b)
Start importing Assets/UI/Pad.png using Guid(af6aa673cbe2ddc448add13f124780f3) Importer(815301076,1909f56bfc062723c751e8b465ee728b)  -> (artifact id: 'd6ec47e4b6abeb722b9fe975fdc0ba98') in 0.055358 seconds
  Import took 0.072582 seconds .

========================================================================
Received Import Request.
  Time since last request: 52.719359 seconds.
  path: Assets/Script/Pad.cs
  artifactKey: Guid(236c65c454086da45b5e82500d754ced) Importer(815301076,1909f56bfc062723c751e8b465ee728b)
Start importing Assets/Script/Pad.cs using Guid(236c65c454086da45b5e82500d754ced) Importer(815301076,1909f56bfc062723c751e8b465ee728b)  -> (artifact id: '110450c780e325a903a1e67b3a54eec1') in 0.002137 seconds
  Import took 0.017609 seconds .

========================================================================
Received Prepare
Registering precompiled user dll's ...
Registered in 0.010585 seconds.
Begin MonoManager ReloadAssembly
Native extension for WindowsStandalone target not found
Refreshing native plugins compatible for Editor in 0.53 ms, found 2 plugins.
Preloading 0 native plugins for Editor in 0.00 ms.
Invoked RoslynAnalysisRunner static constructor.
RoslynAnalysisRunner will not be running.
RoslynAnalysisRunner has terminated.
Mono: successfully reloaded assembly
- Completed reload, in  1.180 seconds
Platform modules already initialized, skipping
Refreshing native plugins compatible for Editor in 0.56 ms, found 2 plugins.
Preloading 0 native plugins for Editor in 0.00 ms.
Unloading 1808 Unused Serialized files (Serialized files now loaded: 0)
System memory in use before: 92.0 MB.
System memory in use after: 92.0 MB.

Unloading 28 unused Assets to reduce memory usage. Loaded Objects now: 2387.
Total: 3.666600 ms (FindLiveObjects: 0.535200 ms CreateObjectMapping: 0.198800 ms MarkObjects: 2.789000 ms  DeleteObjects: 0.142200 ms)

========================================================================
Received Import Request.
  Time since last request: 111.375095 seconds.
  path: Assets/Script/Pad.cs
  artifactKey: Guid(236c65c454086da45b5e82500d754ced) Importer(815301076,1909f56bfc062723c751e8b465ee728b)
Start importing Assets/Script/Pad.cs using Guid(236c65c454086da45b5e82500d754ced) Importer(815301076,1909f56bfc062723c751e8b465ee728b)  -> (artifact id: 'db550ffb403b9057a31e23b6ba1f08d3') in 0.008443 seconds
  Import took 0.021940 seconds .

========================================================================
Received Import Request.
  Time since last request: 0.001680 seconds.
  path: Assets/Script/Pad.cs
  artifactKey: Guid(236c65c454086da45b5e82500d754ced) Importer(815301076,1909f56bfc062723c751e8b465ee728b)
Start importing Assets/Script/Pad.cs using Guid(236c65c454086da45b5e82500d754ced) Importer(815301076,1909f56bfc062723c751e8b465ee728b)  -> (artifact id: 'db550ffb403b9057a31e23b6ba1f08d3') in 0.003439 seconds
  Import took 0.008791 seconds .

========================================================================
Received Import Request.
  Time since last request: 34.497307 seconds.
  path: Assets/Script/Pad.cs
  artifactKey: Guid(236c65c454086da45b5e82500d754ced) Importer(815301076,1909f56bfc062723c751e8b465ee728b)
Start importing Assets/Script/Pad.cs using Guid(236c65c454086da45b5e82500d754ced) Importer(815301076,1909f56bfc062723c751e8b465ee728b)  -> (artifact id: 'fdb2773198f486f5932197d694c15224') in 0.002033 seconds
  Import took 0.006014 seconds .

========================================================================
Received Prepare
Registering precompiled user dll's ...
Registered in 0.007086 seconds.
Begin MonoManager ReloadAssembly
Native extension for WindowsStandalone target not found
Refreshing native plugins compatible for Editor in 0.45 ms, found 2 plugins.
Preloading 0 native plugins for Editor in 0.00 ms.
Invoked RoslynAnalysisRunner static constructor.
RoslynAnalysisRunner will not be running.
RoslynAnalysisRunner has terminated.
Mono: successfully reloaded assembly
- Completed reload, in  1.158 seconds
Platform modules already initialized, skipping
Refreshing native plugins compatible for Editor in 0.93 ms, found 2 plugins.
Preloading 0 native plugins for Editor in 0.00 ms.
Unloading 1808 Unused Serialized files (Serialized files now loaded: 0)
System memory in use before: 92.1 MB.
System memory in use after: 92.1 MB.

Unloading 28 unused Assets to reduce memory usage. Loaded Objects now: 2390.
Total: 4.013800 ms (FindLiveObjects: 0.609300 ms CreateObjectMapping: 0.175100 ms MarkObjects: 2.811200 ms  DeleteObjects: 0.416200 ms)

========================================================================
Received Import Request.
  Time since last request: 117.941299 seconds.
  path: Assets/Script/Pad.cs
  artifactKey: Guid(236c65c454086da45b5e82500d754ced) Importer(815301076,1909f56bfc062723c751e8b465ee728b)
Start importing Assets/Script/Pad.cs using Guid(236c65c454086da45b5e82500d754ced) Importer(815301076,1909f56bfc062723c751e8b465ee728b)  -> (artifact id: '8f56078699760f4a896fe53fb854f9fc') in 0.006190 seconds
  Import took 0.027117 seconds .

========================================================================
Received Import Request.
  Time since last request: 92.771057 seconds.
  path: Assets/Scenes/Level1.unity
  artifactKey: Guid(9be27c4f631ae6c4b8b36764fbc443ff) Importer(815301076,1909f56bfc062723c751e8b465ee728b)
Start importing Assets/Scenes/Level1.unity using Guid(9be27c4f631ae6c4b8b36764fbc443ff) Importer(815301076,1909f56bfc062723c751e8b465ee728b)  -> (artifact id: '880be082818b4077d56d03fa89ece8a7') in 0.011024 seconds
  Import took 0.032021 seconds .

========================================================================
Received Import Request.
  Time since last request: 0.347169 seconds.
  path: Assets/Scenes/Level2.unity
  artifactKey: Guid(d6f054b536fad264e891187cc320191f) Importer(815301076,1909f56bfc062723c751e8b465ee728b)
Start importing Assets/Scenes/Level2.unity using Guid(d6f054b536fad264e891187cc320191f) Importer(815301076,1909f56bfc062723c751e8b465ee728b)  -> (artifact id: 'a68ebae511331fa3eaf0fb7102ec6969') in 0.002790 seconds
  Import took 0.020602 seconds .

========================================================================
Received Import Request.
  Time since last request: 7.291574 seconds.
  path: Assets/Scenes/SampleScene 1.unity
  artifactKey: Guid(2984dc493b8edb84cb4657bff9499a1f) Importer(815301076,1909f56bfc062723c751e8b465ee728b)
Start importing Assets/Scenes/SampleScene 1.unity using Guid(2984dc493b8edb84cb4657bff9499a1f) Importer(815301076,1909f56bfc062723c751e8b465ee728b)  -> (artifact id: '6e9e9c73d8793802a08a18a63b9fd02d') in 0.008174 seconds
  Import took 0.037108 seconds .

========================================================================
Received Import Request.
  Time since last request: 5.108548 seconds.
  path: Assets/Scenes/SampleScene 2.unity
  artifactKey: Guid(61da7b5c21d0aaa4e8756e5460290662) Importer(815301076,1909f56bfc062723c751e8b465ee728b)
Start importing Assets/Scenes/SampleScene 2.unity using Guid(61da7b5c21d0aaa4e8756e5460290662) Importer(815301076,1909f56bfc062723c751e8b465ee728b)  -> (artifact id: 'c3f9445ae8b7ff31863c27cdf78d4702') in 0.009392 seconds
  Import took 0.021277 seconds .

========================================================================
Received Prepare
Registering precompiled user dll's ...
Registered in 0.010286 seconds.
Begin MonoManager ReloadAssembly
Native extension for WindowsStandalone target not found
Refreshing native plugins compatible for Editor in 0.51 ms, found 2 plugins.
Preloading 0 native plugins for Editor in 0.00 ms.
Invoked RoslynAnalysisRunner static constructor.
RoslynAnalysisRunner will not be running.
RoslynAnalysisRunner has terminated.
Mono: successfully reloaded assembly
- Completed reload, in  1.174 seconds
Platform modules already initialized, skipping
Refreshing native plugins compatible for Editor in 0.64 ms, found 2 plugins.
Preloading 0 native plugins for Editor in 0.00 ms.
Unloading 1808 Unused Serialized files (Serialized files now loaded: 0)
System memory in use before: 92.2 MB.
System memory in use after: 92.2 MB.

Unloading 28 unused Assets to reduce memory usage. Loaded Objects now: 2393.
Total: 2.110300 ms (FindLiveObjects: 0.237700 ms CreateObjectMapping: 0.087300 ms MarkObjects: 1.660600 ms  DeleteObjects: 0.123300 ms)

========================================================================
Received Prepare
Registering precompiled user dll's ...
Registered in 0.008152 seconds.
Begin MonoManager ReloadAssembly
Native extension for WindowsStandalone target not found
Refreshing native plugins compatible for Editor in 0.45 ms, found 2 plugins.
Preloading 0 native plugins for Editor in 0.00 ms.
Invoked RoslynAnalysisRunner static constructor.
RoslynAnalysisRunner will not be running.
RoslynAnalysisRunner has terminated.
Mono: successfully reloaded assembly
- Completed reload, in  1.158 seconds
Platform modules already initialized, skipping
Refreshing native plugins compatible for Editor in 0.65 ms, found 2 plugins.
Preloading 0 native plugins for Editor in 0.00 ms.
Unloading 1808 Unused Serialized files (Serialized files now loaded: 0)
System memory in use before: 92.2 MB.
System memory in use after: 92.2 MB.

Unloading 28 unused Assets to reduce memory usage. Loaded Objects now: 2396.
Total: 2.523600 ms (FindLiveObjects: 0.361800 ms CreateObjectMapping: 0.147700 ms MarkObjects: 1.868500 ms  DeleteObjects: 0.144300 ms)

========================================================================
Received Import Request.
  Time since last request: 395.366048 seconds.
  path: Assets/Resources
  artifactKey: Guid(bfff5f0ff30faa94c81fbc150d060ec9) Importer(815301076,1909f56bfc062723c751e8b465ee728b)
Start importing Assets/Resources using Guid(bfff5f0ff30faa94c81fbc150d060ec9) Importer(815301076,1909f56bfc062723c751e8b465ee728b)  -> (artifact id: '0116d2ec1767fcb51497f5bdc4452191') in 0.012636 seconds
  Import took 0.023106 seconds .

========================================================================
Received Import Request.
  Time since last request: 22.918937 seconds.
  path: Assets/Button/flatLight22.png
  artifactKey: Guid(1cfe4f1efec3c2e44abaf6b2d8fd29d6) Importer(815301076,1909f56bfc062723c751e8b465ee728b)
Start importing Assets/Button/flatLight22.png using Guid(1cfe4f1efec3c2e44abaf6b2d8fd29d6) Importer(815301076,1909f56bfc062723c751e8b465ee728b)  -> (artifact id: 'a3d1e02522fa956b7c5ca2379f17742e') in 0.087479 seconds
  Import took 0.123263 seconds .

========================================================================
Received Import Request.
  Time since last request: 0.000233 seconds.
  path: Assets/Button/flatLight43.png
  artifactKey: Guid(9721f06da0fbbad4a828bbf6b8ff2c4a) Importer(815301076,1909f56bfc062723c751e8b465ee728b)
Start importing Assets/Button/flatLight43.png using Guid(9721f06da0fbbad4a828bbf6b8ff2c4a) Importer(815301076,1909f56bfc062723c751e8b465ee728b)  -> (artifact id: '185bed36979da257e9b3558eff55bfc2') in 0.013718 seconds
  Import took 0.028252 seconds .

========================================================================
Received Import Request.
  Time since last request: 0.000290 seconds.
  path: Assets/Button/flatLight23.png
  artifactKey: Guid(7d1a42c172055054d8b6fb9421ed613f) Importer(815301076,1909f56bfc062723c751e8b465ee728b)
Start importing Assets/Button/flatLight23.png using Guid(7d1a42c172055054d8b6fb9421ed613f) Importer(815301076,1909f56bfc062723c751e8b465ee728b)  -> (artifact id: 'f854ce80e283ed8e9f336b0bdc1056ca') in 0.019487 seconds
  Import took 0.022738 seconds .

========================================================================
Received Import Request.
  Time since last request: 0.000530 seconds.
  path: Assets/Button/flatLight47.png
  artifactKey: Guid(8cf405538c076c14dbc6c0d17206ccf0) Importer(815301076,1909f56bfc062723c751e8b465ee728b)
Start importing Assets/Button/flatLight47.png using Guid(8cf405538c076c14dbc6c0d17206ccf0) Importer(815301076,1909f56bfc062723c751e8b465ee728b)  -> (artifact id: '2d7388302d9fb6fd91475e8b888370f5') in 0.011203 seconds
  Import took 0.041092 seconds .

========================================================================
Received Import Request.
  Time since last request: 25.887639 seconds.
  path: Assets/Sound/AudioMixer.mixer
  artifactKey: Guid(3c9a9f041844c4b4d8dee156f58af5f2) Importer(815301076,1909f56bfc062723c751e8b465ee728b)
Start importing Assets/Sound/AudioMixer.mixer using Guid(3c9a9f041844c4b4d8dee156f58af5f2) Importer(815301076,1909f56bfc062723c751e8b465ee728b)  -> (artifact id: 'd30848bca67ef56e8adaf86471650ab8') in 0.011158 seconds
  Import took 0.054885 seconds .

========================================================================
Received Import Request.
  Time since last request: 0.002139 seconds.
  path: Assets/Sound/AudioMixer.mixer
  artifactKey: Guid(3c9a9f041844c4b4d8dee156f58af5f2) Importer(815301076,1909f56bfc062723c751e8b465ee728b)
Start importing Assets/Sound/AudioMixer.mixer using Guid(3c9a9f041844c4b4d8dee156f58af5f2) Importer(815301076,1909f56bfc062723c751e8b465ee728b)  -> (artifact id: 'd30848bca67ef56e8adaf86471650ab8') in 0.003812 seconds
  Import took 0.008596 seconds .

========================================================================
Received Import Request.
  Time since last request: 38.146554 seconds.
  path: Assets/Resources/RangedAttack.ogg
  artifactKey: Guid(59a0521f484807549b229d3bdad11168) Importer(815301076,1909f56bfc062723c751e8b465ee728b)
Start importing Assets/Resources/RangedAttack.ogg using Guid(59a0521f484807549b229d3bdad11168) Importer(815301076,1909f56bfc062723c751e8b465ee728b)  -> (artifact id: '08690d5bb9d71199ac6a4dc5673a6c9f') in 0.078997 seconds
  Import took 0.104770 seconds .

========================================================================
Received Import Request.
  Time since last request: 25.864391 seconds.
  path: Assets/Script/Player.cs
  artifactKey: Guid(9a365b653a98f7c40a137d3737f8f805) Importer(815301076,1909f56bfc062723c751e8b465ee728b)
Start importing Assets/Script/Player.cs using Guid(9a365b653a98f7c40a137d3737f8f805) Importer(815301076,1909f56bfc062723c751e8b465ee728b)  -> (artifact id: 'c2d216d50db39d879b321e8cb939856a') in 0.021594 seconds
  Import took 0.026041 seconds .

========================================================================
Received Prepare
Registering precompiled user dll's ...
Registered in 0.007167 seconds.
Begin MonoManager ReloadAssembly
Native extension for WindowsStandalone target not found
Refreshing native plugins compatible for Editor in 0.62 ms, found 2 plugins.
Preloading 0 native plugins for Editor in 0.00 ms.
Invoked RoslynAnalysisRunner static constructor.
RoslynAnalysisRunner will not be running.
RoslynAnalysisRunner has terminated.
Mono: successfully reloaded assembly
- Completed reload, in  1.178 seconds
Platform modules already initialized, skipping
Refreshing native plugins compatible for Editor in 0.49 ms, found 2 plugins.
Preloading 0 native plugins for Editor in 0.00 ms.
Unloading 1808 Unused Serialized files (Serialized files now loaded: 0)
System memory in use before: 92.4 MB.
System memory in use after: 92.4 MB.

Unloading 28 unused Assets to reduce memory usage. Loaded Objects now: 2407.
Total: 2.509400 ms (FindLiveObjects: 0.209500 ms CreateObjectMapping: 0.131900 ms MarkObjects: 1.968200 ms  DeleteObjects: 0.198500 ms)

========================================================================
Received Import Request.
  Time since last request: 156.042978 seconds.
  path: Assets/Script/Player.cs
  artifactKey: Guid(9a365b653a98f7c40a137d3737f8f805) Importer(815301076,1909f56bfc062723c751e8b465ee728b)
Start importing Assets/Script/Player.cs using Guid(9a365b653a98f7c40a137d3737f8f805) Importer(815301076,1909f56bfc062723c751e8b465ee728b)  -> (artifact id: 'c6d26eb45a7ff8f39f2452b9dc05ec9d') in 0.004643 seconds
  Import took 0.020367 seconds .

========================================================================
Received Prepare
Registering precompiled user dll's ...
Registered in 0.007268 seconds.
Begin MonoManager ReloadAssembly
Native extension for WindowsStandalone target not found
Refreshing native plugins compatible for Editor in 0.51 ms, found 2 plugins.
Preloading 0 native plugins for Editor in 0.00 ms.
Invoked RoslynAnalysisRunner static constructor.
RoslynAnalysisRunner will not be running.
RoslynAnalysisRunner has terminated.
Mono: successfully reloaded assembly
- Completed reload, in  1.237 seconds
Platform modules already initialized, skipping
Refreshing native plugins compatible for Editor in 0.46 ms, found 2 plugins.
Preloading 0 native plugins for Editor in 0.00 ms.
Unloading 1808 Unused Serialized files (Serialized files now loaded: 0)
System memory in use before: 92.5 MB.
System memory in use after: 92.5 MB.

Unloading 28 unused Assets to reduce memory usage. Loaded Objects now: 2410.
Total: 2.247500 ms (FindLiveObjects: 0.209000 ms CreateObjectMapping: 0.076100 ms MarkObjects: 1.819000 ms  DeleteObjects: 0.142800 ms)

========================================================================
Received Prepare
Registering precompiled user dll's ...
Registered in 0.008195 seconds.
Begin MonoManager ReloadAssembly
Native extension for WindowsStandalone target not found
Refreshing native plugins compatible for Editor in 0.49 ms, found 2 plugins.
Preloading 0 native plugins for Editor in 0.00 ms.
Invoked RoslynAnalysisRunner static constructor.
RoslynAnalysisRunner will not be running.
RoslynAnalysisRunner has terminated.
Mono: successfully reloaded assembly
- Completed reload, in  1.128 seconds
Platform modules already initialized, skipping
Refreshing native plugins compatible for Editor in 0.86 ms, found 2 plugins.
Preloading 0 native plugins for Editor in 0.00 ms.
Unloading 1808 Unused Serialized files (Serialized files now loaded: 0)
System memory in use before: 92.6 MB.
System memory in use after: 92.6 MB.

Unloading 28 unused Assets to reduce memory usage. Loaded Objects now: 2413.
Total: 3.410900 ms (FindLiveObjects: 0.216200 ms CreateObjectMapping: 0.112500 ms MarkObjects: 2.947400 ms  DeleteObjects: 0.133200 ms)

========================================================================
Received Prepare
Registering precompiled user dll's ...
Registered in 0.007994 seconds.
Begin MonoManager ReloadAssembly
Native extension for WindowsStandalone target not found
Refreshing native plugins compatible for Editor in 0.46 ms, found 2 plugins.
Preloading 0 native plugins for Editor in 0.00 ms.
Invoked RoslynAnalysisRunner static constructor.
RoslynAnalysisRunner will not be running.
RoslynAnalysisRunner has terminated.
Mono: successfully reloaded assembly
- Completed reload, in  1.074 seconds
Platform modules already initialized, skipping
Refreshing native plugins compatible for Editor in 0.62 ms, found 2 plugins.
Preloading 0 native plugins for Editor in 0.00 ms.
Unloading 1808 Unused Serialized files (Serialized files now loaded: 0)
System memory in use before: 92.7 MB.
System memory in use after: 92.7 MB.

Unloading 28 unused Assets to reduce memory usage. Loaded Objects now: 2416.
Total: 2.845800 ms (FindLiveObjects: 0.331000 ms CreateObjectMapping: 0.123100 ms MarkObjects: 2.245300 ms  DeleteObjects: 0.145100 ms)

========================================================================
Received Import Request.
  Time since last request: 1220.490346 seconds.
  path: Assets/Script/DataManager.cs
  artifactKey: Guid(593060e3917f33c48ab307bd0dbf02b7) Importer(815301076,1909f56bfc062723c751e8b465ee728b)
Start importing Assets/Script/DataManager.cs using Guid(593060e3917f33c48ab307bd0dbf02b7) Importer(815301076,1909f56bfc062723c751e8b465ee728b)  -> (artifact id: '551f31f9d46f85fa5121c4cafe8febcc') in 0.014374 seconds
  Import took 0.040582 seconds .

========================================================================
Received Prepare
Registering precompiled user dll's ...
Registered in 0.008312 seconds.
Begin MonoManager ReloadAssembly
Native extension for WindowsStandalone target not found
Refreshing native plugins compatible for Editor in 0.64 ms, found 2 plugins.
Preloading 0 native plugins for Editor in 0.00 ms.
Invoked RoslynAnalysisRunner static constructor.
RoslynAnalysisRunner will not be running.
RoslynAnalysisRunner has terminated.
Mono: successfully reloaded assembly
- Completed reload, in  1.098 seconds
Platform modules already initialized, skipping
Refreshing native plugins compatible for Editor in 0.52 ms, found 2 plugins.
Preloading 0 native plugins for Editor in 0.00 ms.
Unloading 1809 Unused Serialized files (Serialized files now loaded: 0)
System memory in use before: 92.7 MB.
System memory in use after: 92.7 MB.

Unloading 28 unused Assets to reduce memory usage. Loaded Objects now: 2420.
Total: 2.704600 ms (FindLiveObjects: 0.350300 ms CreateObjectMapping: 0.131500 ms MarkObjects: 2.069500 ms  DeleteObjects: 0.151400 ms)

========================================================================
Received Prepare
Registering precompiled user dll's ...
Registered in 0.009224 seconds.
Begin MonoManager ReloadAssembly
Native extension for WindowsStandalone target not found
Refreshing native plugins compatible for Editor in 0.51 ms, found 2 plugins.
Preloading 0 native plugins for Editor in 0.00 ms.
Invoked RoslynAnalysisRunner static constructor.
RoslynAnalysisRunner will not be running.
RoslynAnalysisRunner has terminated.
Mono: successfully reloaded assembly
- Completed reload, in  1.135 seconds
Platform modules already initialized, skipping
Refreshing native plugins compatible for Editor in 1.17 ms, found 2 plugins.
Preloading 0 native plugins for Editor in 0.00 ms.
Unloading 1809 Unused Serialized files (Serialized files now loaded: 0)
System memory in use before: 92.8 MB.
System memory in use after: 92.8 MB.

Unloading 28 unused Assets to reduce memory usage. Loaded Objects now: 2423.
Total: 4.085200 ms (FindLiveObjects: 0.430900 ms CreateObjectMapping: 0.260800 ms MarkObjects: 3.207100 ms  DeleteObjects: 0.183900 ms)

========================================================================
Received Import Request.
  Time since last request: 462.124336 seconds.
  path: Assets/UI/UI.png
  artifactKey: Guid(bc99ec343cc9acd4db113950b3a41d2a) Importer(815301076,1909f56bfc062723c751e8b465ee728b)
Start importing Assets/UI/UI.png using Guid(bc99ec343cc9acd4db113950b3a41d2a) Importer(815301076,1909f56bfc062723c751e8b465ee728b)  -> (artifact id: '088995a3bf43aa4782b792331aff493c') in 0.055248 seconds
  Import took 0.059587 seconds .

========================================================================
Received Import Request.
  Time since last request: 0.056364 seconds.
  path: Assets/UI/UI.png
  artifactKey: Guid(bc99ec343cc9acd4db113950b3a41d2a) Importer(815301076,1909f56bfc062723c751e8b465ee728b)
Start importing Assets/UI/UI.png using Guid(bc99ec343cc9acd4db113950b3a41d2a) Importer(815301076,1909f56bfc062723c751e8b465ee728b)  -> (artifact id: '088995a3bf43aa4782b792331aff493c') in 0.014189 seconds
  Import took 0.017513 seconds .

========================================================================
Received Import Request.
  Time since last request: 23.222279 seconds.
  path: Assets/UI/UI.png
  artifactKey: Guid(bc99ec343cc9acd4db113950b3a41d2a) Importer(815301076,1909f56bfc062723c751e8b465ee728b)
Start importing Assets/UI/UI.png using Guid(bc99ec343cc9acd4db113950b3a41d2a) Importer(815301076,1909f56bfc062723c751e8b465ee728b)  -> (artifact id: '830e60e71045806c82f02189ba25151f') in 0.059731 seconds
  Import took 0.084817 seconds .

========================================================================
Received Import Request.
  Time since last request: 197.271387 seconds.
  path: Assets/Script/UIManager.cs
  artifactKey: Guid(39947c4f20e94b449948d70bc880391f) Importer(815301076,1909f56bfc062723c751e8b465ee728b)
Start importing Assets/Script/UIManager.cs using Guid(39947c4f20e94b449948d70bc880391f) Importer(815301076,1909f56bfc062723c751e8b465ee728b)  -> (artifact id: '0fd9a718b23697954cdcc4b68fba6e6e') in 0.010396 seconds
  Import took 0.027182 seconds .

========================================================================
Received Prepare
Registering precompiled user dll's ...
Registered in 0.008807 seconds.
Begin MonoManager ReloadAssembly
Native extension for WindowsStandalone target not found
Refreshing native plugins compatible for Editor in 0.61 ms, found 2 plugins.
Preloading 0 native plugins for Editor in 0.00 ms.
Invoked RoslynAnalysisRunner static constructor.
RoslynAnalysisRunner will not be running.
RoslynAnalysisRunner has terminated.
Mono: successfully reloaded assembly
- Completed reload, in  1.112 seconds
Platform modules already initialized, skipping
Refreshing native plugins compatible for Editor in 0.48 ms, found 2 plugins.
Preloading 0 native plugins for Editor in 0.00 ms.
Unloading 1810 Unused Serialized files (Serialized files now loaded: 0)
System memory in use before: 92.9 MB.
System memory in use after: 92.9 MB.

Unloading 28 unused Assets to reduce memory usage. Loaded Objects now: 2428.
Total: 4.647200 ms (FindLiveObjects: 0.365600 ms CreateObjectMapping: 0.107100 ms MarkObjects: 3.892000 ms  DeleteObjects: 0.278800 ms)

========================================================================
Received Prepare
Registering precompiled user dll's ...
Registered in 0.008145 seconds.
Begin MonoManager ReloadAssembly
Native extension for WindowsStandalone target not found
Refreshing native plugins compatible for Editor in 0.46 ms, found 2 plugins.
Preloading 0 native plugins for Editor in 0.00 ms.
Invoked RoslynAnalysisRunner static constructor.
RoslynAnalysisRunner will not be running.
RoslynAnalysisRunner has terminated.
Mono: successfully reloaded assembly
- Completed reload, in  1.094 seconds
Platform modules already initialized, skipping
Refreshing native plugins compatible for Editor in 0.83 ms, found 2 plugins.
Preloading 0 native plugins for Editor in 0.00 ms.
Unloading 1810 Unused Serialized files (Serialized files now loaded: 0)
System memory in use before: 93.0 MB.
System memory in use after: 93.0 MB.

Unloading 28 unused Assets to reduce memory usage. Loaded Objects now: 2431.
Total: 3.273900 ms (FindLiveObjects: 0.284200 ms CreateObjectMapping: 0.068500 ms MarkObjects: 2.720000 ms  DeleteObjects: 0.199900 ms)

========================================================================
Received Prepare
Registering precompiled user dll's ...
Registered in 0.006904 seconds.
Begin MonoManager ReloadAssembly
Native extension for WindowsStandalone target not found
Refreshing native plugins compatible for Editor in 0.99 ms, found 2 plugins.
Preloading 0 native plugins for Editor in 0.00 ms.
Invoked RoslynAnalysisRunner static constructor.
RoslynAnalysisRunner will not be running.
RoslynAnalysisRunner has terminated.
Mono: successfully reloaded assembly
- Completed reload, in  1.183 seconds
Platform modules already initialized, skipping
Refreshing native plugins compatible for Editor in 0.67 ms, found 2 plugins.
Preloading 0 native plugins for Editor in 0.00 ms.
Unloading 1810 Unused Serialized files (Serialized files now loaded: 0)
System memory in use before: 93.1 MB.
System memory in use after: 93.1 MB.

Unloading 28 unused Assets to reduce memory usage. Loaded Objects now: 2434.
Total: 2.888400 ms (FindLiveObjects: 0.316300 ms CreateObjectMapping: 0.109100 ms MarkObjects: 2.283900 ms  DeleteObjects: 0.177600 ms)

========================================================================
Received Prepare
Registering precompiled user dll's ...
Registered in 0.007223 seconds.
Begin MonoManager ReloadAssembly
Native extension for WindowsStandalone target not found
Refreshing native plugins compatible for Editor in 0.45 ms, found 2 plugins.
Preloading 0 native plugins for Editor in 0.00 ms.
Invoked RoslynAnalysisRunner static constructor.
RoslynAnalysisRunner will not be running.
RoslynAnalysisRunner has terminated.
Mono: successfully reloaded assembly
- Completed reload, in  1.098 seconds
Platform modules already initialized, skipping
Refreshing native plugins compatible for Editor in 0.87 ms, found 2 plugins.
Preloading 0 native plugins for Editor in 0.00 ms.
Unloading 1810 Unused Serialized files (Serialized files now loaded: 0)
System memory in use before: 93.1 MB.
System memory in use after: 93.1 MB.

Unloading 28 unused Assets to reduce memory usage. Loaded Objects now: 2437.
Total: 3.377800 ms (FindLiveObjects: 0.250100 ms CreateObjectMapping: 0.084200 ms MarkObjects: 2.876300 ms  DeleteObjects: 0.165300 ms)

========================================================================
Received Prepare
Registering precompiled user dll's ...
Registered in 0.008942 seconds.
Begin MonoManager ReloadAssembly
Native extension for WindowsStandalone target not found
Refreshing native plugins compatible for Editor in 0.74 ms, found 2 plugins.
Preloading 0 native plugins for Editor in 0.00 ms.
Invoked RoslynAnalysisRunner static constructor.
RoslynAnalysisRunner will not be running.
RoslynAnalysisRunner has terminated.
Mono: successfully reloaded assembly
- Completed reload, in  1.071 seconds
Platform modules already initialized, skipping
Refreshing native plugins compatible for Editor in 0.56 ms, found 2 plugins.
Preloading 0 native plugins for Editor in 0.00 ms.
Unloading 1810 Unused Serialized files (Serialized files now loaded: 0)
System memory in use before: 93.2 MB.
System memory in use after: 93.2 MB.

Unloading 28 unused Assets to reduce memory usage. Loaded Objects now: 2440.
Total: 3.846600 ms (FindLiveObjects: 0.539100 ms CreateObjectMapping: 0.277300 ms MarkObjects: 2.858700 ms  DeleteObjects: 0.169000 ms)

========================================================================
Received Import Request.
  Time since last request: 460.807279 seconds.
  path: ProjectSettings/TagManager.asset
  artifactKey: Guid(00000000000000003000000000000000) Importer(815301076,1909f56bfc062723c751e8b465ee728b)
Start importing ProjectSettings/TagManager.asset using Guid(00000000000000003000000000000000) Importer(815301076,1909f56bfc062723c751e8b465ee728b)  -> (artifact id: 'b154c32d707c86aa0403f470adc9be95') in 0.021243 seconds
  Import took 0.026584 seconds .

========================================================================
Received Prepare
Registering precompiled user dll's ...
Registered in 0.007912 seconds.
Begin MonoManager ReloadAssembly
Native extension for WindowsStandalone target not found
Refreshing native plugins compatible for Editor in 1.12 ms, found 2 plugins.
Preloading 0 native plugins for Editor in 0.00 ms.
Invoked RoslynAnalysisRunner static constructor.
RoslynAnalysisRunner will not be running.
RoslynAnalysisRunner has terminated.
Mono: successfully reloaded assembly
- Completed reload, in  1.070 seconds
Platform modules already initialized, skipping
Refreshing native plugins compatible for Editor in 0.54 ms, found 2 plugins.
Preloading 0 native plugins for Editor in 0.00 ms.
Unloading 1810 Unused Serialized files (Serialized files now loaded: 0)
System memory in use before: 93.3 MB.
System memory in use after: 93.3 MB.

Unloading 29 unused Assets to reduce memory usage. Loaded Objects now: 2443.
Total: 2.432400 ms (FindLiveObjects: 0.353200 ms CreateObjectMapping: 0.092000 ms MarkObjects: 1.845300 ms  DeleteObjects: 0.140200 ms)

========================================================================
Received Prepare
Registering precompiled user dll's ...
Registered in 0.006759 seconds.
Begin MonoManager ReloadAssembly
Native extension for WindowsStandalone target not found
Refreshing native plugins compatible for Editor in 0.44 ms, found 2 plugins.
Preloading 0 native plugins for Editor in 0.00 ms.
Invoked RoslynAnalysisRunner static constructor.
RoslynAnalysisRunner will not be running.
RoslynAnalysisRunner has terminated.
Mono: successfully reloaded assembly
- Completed reload, in  1.148 seconds
Platform modules already initialized, skipping
Refreshing native plugins compatible for Editor in 0.55 ms, found 2 plugins.
Preloading 0 native plugins for Editor in 0.00 ms.
Unloading 1810 Unused Serialized files (Serialized files now loaded: 0)
System memory in use before: 93.4 MB.
System memory in use after: 93.4 MB.

Unloading 28 unused Assets to reduce memory usage. Loaded Objects now: 2446.
Total: 3.378700 ms (FindLiveObjects: 0.271100 ms CreateObjectMapping: 0.112000 ms MarkObjects: 2.759200 ms  DeleteObjects: 0.233800 ms)

========================================================================
Received Import Request.
  Time since last request: 329.789986 seconds.
  path: Assets/Scenes/Level2.unity
  artifactKey: Guid(d6f054b536fad264e891187cc320191f) Importer(815301076,1909f56bfc062723c751e8b465ee728b)
Start importing Assets/Scenes/Level2.unity using Guid(d6f054b536fad264e891187cc320191f) Importer(815301076,1909f56bfc062723c751e8b465ee728b)  -> (artifact id: '46a2e1e38d8dfaa4d8717854dc49a34d') in 0.016594 seconds
  Import took 0.034782 seconds .

========================================================================
Received Import Request.
  Time since last request: 2.321811 seconds.
  path: Assets/Scenes/SampleScene.unity
  artifactKey: Guid(2cda990e2423bbf4892e6590ba056729) Importer(815301076,1909f56bfc062723c751e8b465ee728b)
Start importing Assets/Scenes/SampleScene.unity using Guid(2cda990e2423bbf4892e6590ba056729) Importer(815301076,1909f56bfc062723c751e8b465ee728b)  -> (artifact id: '23552ae2fa4d1cbd0835357c652130c2') in 0.003299 seconds
  Import took 0.025418 seconds .

========================================================================
Received Import Request.
  Time since last request: 9.148553 seconds.
  path: Assets/Scenes/Level1.unity
  artifactKey: Guid(9be27c4f631ae6c4b8b36764fbc443ff) Importer(815301076,1909f56bfc062723c751e8b465ee728b)
Start importing Assets/Scenes/Level1.unity using Guid(9be27c4f631ae6c4b8b36764fbc443ff) Importer(815301076,1909f56bfc062723c751e8b465ee728b)  -> (artifact id: '30fd4db4a6375e414ed1d649a5e7598f') in 0.010597 seconds
  Import took 0.026559 seconds .

========================================================================
Received Prepare
Registering precompiled user dll's ...
Registered in 0.007514 seconds.
Begin MonoManager ReloadAssembly
Native extension for WindowsStandalone target not found
Refreshing native plugins compatible for Editor in 1.25 ms, found 2 plugins.
Preloading 0 native plugins for Editor in 0.00 ms.
Invoked RoslynAnalysisRunner static constructor.
RoslynAnalysisRunner will not be running.
RoslynAnalysisRunner has terminated.
Mono: successfully reloaded assembly
- Completed reload, in  1.082 seconds
Platform modules already initialized, skipping
Refreshing native plugins compatible for Editor in 0.78 ms, found 2 plugins.
Preloading 0 native plugins for Editor in 0.00 ms.
Unloading 1810 Unused Serialized files (Serialized files now loaded: 0)
System memory in use before: 93.4 MB.
System memory in use after: 93.4 MB.

Unloading 28 unused Assets to reduce memory usage. Loaded Objects now: 2449.
Total: 3.626500 ms (FindLiveObjects: 0.335600 ms CreateObjectMapping: 0.244700 ms MarkObjects: 2.925600 ms  DeleteObjects: 0.118800 ms)

========================================================================
Received Prepare
Registering precompiled user dll's ...
Registered in 0.009404 seconds.
Begin MonoManager ReloadAssembly
Native extension for WindowsStandalone target not found
Refreshing native plugins compatible for Editor in 0.44 ms, found 2 plugins.
Preloading 0 native plugins for Editor in 0.00 ms.
Invoked RoslynAnalysisRunner static constructor.
RoslynAnalysisRunner will not be running.
RoslynAnalysisRunner has terminated.
Mono: successfully reloaded assembly
- Completed reload, in  1.047 seconds
Platform modules already initialized, skipping
Refreshing native plugins compatible for Editor in 1.24 ms, found 2 plugins.
Preloading 0 native plugins for Editor in 0.00 ms.
Unloading 1810 Unused Serialized files (Serialized files now loaded: 0)
System memory in use before: 93.5 MB.
System memory in use after: 93.5 MB.

Unloading 28 unused Assets to reduce memory usage. Loaded Objects now: 2452.
Total: 2.898600 ms (FindLiveObjects: 0.334800 ms CreateObjectMapping: 0.145200 ms MarkObjects: 2.279200 ms  DeleteObjects: 0.137100 ms)

========================================================================
Received Import Request.
  Time since last request: 231.867248 seconds.
  path: Assets/Script/SaveData.cs
  artifactKey: Guid(9f33d9a5945810c4fad6df5dfd410251) Importer(815301076,1909f56bfc062723c751e8b465ee728b)
Start importing Assets/Script/SaveData.cs using Guid(9f33d9a5945810c4fad6df5dfd410251) Importer(815301076,1909f56bfc062723c751e8b465ee728b)  -> (artifact id: 'cec5791946b18498297dad9fc78233a3') in 0.012383 seconds
  Import took 0.016825 seconds .

========================================================================
Received Prepare
Registering precompiled user dll's ...
Registered in 0.008332 seconds.
Begin MonoManager ReloadAssembly
Native extension for WindowsStandalone target not found
Refreshing native plugins compatible for Editor in 0.62 ms, found 2 plugins.
Preloading 0 native plugins for Editor in 0.00 ms.
Invoked RoslynAnalysisRunner static constructor.
RoslynAnalysisRunner will not be running.
RoslynAnalysisRunner has terminated.
Mono: successfully reloaded assembly
- Completed reload, in  1.089 seconds
Platform modules already initialized, skipping
Refreshing native plugins compatible for Editor in 1.17 ms, found 2 plugins.
Preloading 0 native plugins for Editor in 0.00 ms.
Unloading 1811 Unused Serialized files (Serialized files now loaded: 0)
System memory in use before: 92.6 MB.
System memory in use after: 92.6 MB.

Unloading 28 unused Assets to reduce memory usage. Loaded Objects now: 2456.
Total: 2.367300 ms (FindLiveObjects: 0.225300 ms CreateObjectMapping: 0.081700 ms MarkObjects: 1.925300 ms  DeleteObjects: 0.133500 ms)

========================================================================
Received Prepare
Registering precompiled user dll's ...
Registered in 0.007890 seconds.
Begin MonoManager ReloadAssembly
Native extension for WindowsStandalone target not found
Refreshing native plugins compatible for Editor in 0.53 ms, found 2 plugins.
Preloading 0 native plugins for Editor in 0.00 ms.
Invoked RoslynAnalysisRunner static constructor.
RoslynAnalysisRunner will not be running.
RoslynAnalysisRunner has terminated.
Mono: successfully reloaded assembly
- Completed reload, in  1.133 seconds
Platform modules already initialized, skipping
Refreshing native plugins compatible for Editor in 0.53 ms, found 2 plugins.
Preloading 0 native plugins for Editor in 0.00 ms.
Unloading 1811 Unused Serialized files (Serialized files now loaded: 0)
System memory in use before: 92.7 MB.
System memory in use after: 92.7 MB.

Unloading 28 unused Assets to reduce memory usage. Loaded Objects now: 2459.
Total: 2.831900 ms (FindLiveObjects: 0.295300 ms CreateObjectMapping: 0.200500 ms MarkObjects: 2.160700 ms  DeleteObjects: 0.173400 ms)

========================================================================
Received Import Request.
  Time since last request: 310.522827 seconds.
  path: Assets/Script/SaveData.cs
  artifactKey: Guid(9f33d9a5945810c4fad6df5dfd410251) Importer(815301076,1909f56bfc062723c751e8b465ee728b)
Start importing Assets/Script/SaveData.cs using Guid(9f33d9a5945810c4fad6df5dfd410251) Importer(815301076,1909f56bfc062723c751e8b465ee728b)  -> (artifact id: 'ae2b87d0b0ab722072574f389505a7a3') in 0.006791 seconds
  Import took 0.012222 seconds .

========================================================================
Received Prepare
Registering precompiled user dll's ...
Registered in 0.010213 seconds.
Begin MonoManager ReloadAssembly
Native extension for WindowsStandalone target not found
Refreshing native plugins compatible for Editor in 0.58 ms, found 2 plugins.
Preloading 0 native plugins for Editor in 0.00 ms.
Invoked RoslynAnalysisRunner static constructor.
RoslynAnalysisRunner will not be running.
RoslynAnalysisRunner has terminated.
Mono: successfully reloaded assembly
- Completed reload, in  1.190 seconds
Platform modules already initialized, skipping
Refreshing native plugins compatible for Editor in 0.76 ms, found 2 plugins.
Preloading 0 native plugins for Editor in 0.00 ms.
Unloading 1811 Unused Serialized files (Serialized files now loaded: 0)
System memory in use before: 92.8 MB.
System memory in use after: 92.8 MB.

Unloading 28 unused Assets to reduce memory usage. Loaded Objects now: 2462.
Total: 3.326800 ms (FindLiveObjects: 0.303400 ms CreateObjectMapping: 0.088900 ms MarkObjects: 2.755500 ms  DeleteObjects: 0.175700 ms)

========================================================================
Received Import Request.
  Time since last request: 934.720533 seconds.
  path: Assets/Script/SaveData.cs
  artifactKey: Guid(9f33d9a5945810c4fad6df5dfd410251) Importer(815301076,1909f56bfc062723c751e8b465ee728b)
Start importing Assets/Script/SaveData.cs using Guid(9f33d9a5945810c4fad6df5dfd410251) Importer(815301076,1909f56bfc062723c751e8b465ee728b)  -> (artifact id: 'e6c259f1aad4beb52c894aada390c1dc') in 0.005609 seconds
  Import took 0.015659 seconds .

========================================================================
Received Prepare
Registering precompiled user dll's ...
Registered in 0.009350 seconds.
Begin MonoManager ReloadAssembly
Native extension for WindowsStandalone target not found
Refreshing native plugins compatible for Editor in 0.89 ms, found 2 plugins.
Preloading 0 native plugins for Editor in 0.00 ms.
Invoked RoslynAnalysisRunner static constructor.
RoslynAnalysisRunner will not be running.
RoslynAnalysisRunner has terminated.
Mono: successfully reloaded assembly
- Completed reload, in  1.169 seconds
Platform modules already initialized, skipping
Refreshing native plugins compatible for Editor in 0.57 ms, found 2 plugins.
Preloading 0 native plugins for Editor in 0.00 ms.
Unloading 1811 Unused Serialized files (Serialized files now loaded: 0)
System memory in use before: 92.8 MB.
System memory in use after: 92.8 MB.

Unloading 28 unused Assets to reduce memory usage. Loaded Objects now: 2465.
Total: 6.157600 ms (FindLiveObjects: 2.304000 ms CreateObjectMapping: 0.221000 ms MarkObjects: 3.490100 ms  DeleteObjects: 0.140500 ms)

========================================================================
Received Prepare
Registering precompiled user dll's ...
Registered in 0.008378 seconds.
Begin MonoManager ReloadAssembly
Native extension for WindowsStandalone target not found
Refreshing native plugins compatible for Editor in 0.44 ms, found 2 plugins.
Preloading 0 native plugins for Editor in 0.00 ms.
Invoked RoslynAnalysisRunner static constructor.
RoslynAnalysisRunner will not be running.
RoslynAnalysisRunner has terminated.
Mono: successfully reloaded assembly
- Completed reload, in  1.065 seconds
Platform modules already initialized, skipping
Refreshing native plugins compatible for Editor in 0.48 ms, found 2 plugins.
Preloading 0 native plugins for Editor in 0.00 ms.
Unloading 1811 Unused Serialized files (Serialized files now loaded: 0)
System memory in use before: 92.9 MB.
System memory in use after: 92.9 MB.

Unloading 28 unused Assets to reduce memory usage. Loaded Objects now: 2468.
Total: 3.240800 ms (FindLiveObjects: 0.247600 ms CreateObjectMapping: 0.098800 ms MarkObjects: 2.429400 ms  DeleteObjects: 0.463600 ms)

========================================================================
Received Prepare
Registering precompiled user dll's ...
Registered in 0.008067 seconds.
Begin MonoManager ReloadAssembly
Native extension for WindowsStandalone target not found
Refreshing native plugins compatible for Editor in 0.56 ms, found 2 plugins.
Preloading 0 native plugins for Editor in 0.00 ms.
Invoked RoslynAnalysisRunner static constructor.
RoslynAnalysisRunner will not be running.
RoslynAnalysisRunner has terminated.
Mono: successfully reloaded assembly
- Completed reload, in  1.493 seconds
Platform modules already initialized, skipping
Refreshing native plugins compatible for Editor in 0.55 ms, found 2 plugins.
Preloading 0 native plugins for Editor in 0.00 ms.
Unloading 1811 Unused Serialized files (Serialized files now loaded: 0)
System memory in use before: 93.0 MB.
System memory in use after: 93.0 MB.

Unloading 28 unused Assets to reduce memory usage. Loaded Objects now: 2471.
Total: 2.185100 ms (FindLiveObjects: 0.209800 ms CreateObjectMapping: 0.104700 ms MarkObjects: 1.725200 ms  DeleteObjects: 0.144200 ms)

========================================================================
Received Prepare
Registering precompiled user dll's ...
Registered in 0.006958 seconds.
Begin MonoManager ReloadAssembly
Native extension for WindowsStandalone target not found
Refreshing native plugins compatible for Editor in 0.47 ms, found 2 plugins.
Preloading 0 native plugins for Editor in 0.00 ms.
Invoked RoslynAnalysisRunner static constructor.
RoslynAnalysisRunner will not be running.
RoslynAnalysisRunner has terminated.
Mono: successfully reloaded assembly
- Completed reload, in  1.570 seconds
Platform modules already initialized, skipping
Switching build target platform(5) subTarget(0) extendedPlatform(0) -> platform(13) subTarget(537395200) extendedPlatform(0)
Refreshing native plugins compatible for Editor in 0.91 ms, found 2 plugins.
Preloading 0 native plugins for Editor in 0.00 ms.
Unloading 1815 Unused Serialized files (Serialized files now loaded: 0)
System memory in use before: 93.1 MB.
System memory in use after: 93.1 MB.

Unloading 28 unused Assets to reduce memory usage. Loaded Objects now: 2474.
Total: 2.916300 ms (FindLiveObjects: 0.493000 ms CreateObjectMapping: 0.160700 ms MarkObjects: 2.081800 ms  DeleteObjects: 0.179000 ms)

AssetImportParameters requested are different than current active one (requested -> active):
  custom:graphics/normal-map-encoding: 01000000000000000000000000000000 -> 02000000000000000000000000000000
========================================================================
Received Prepare
Refreshing native plugins compatible for Editor in 4.44 ms, found 2 plugins.
Preloading 0 native plugins for Editor in 0.00 ms.
Unloading 26 Unused Serialized files (Serialized files now loaded: 0)
System memory in use before: 57.8 MB.
System memory in use after: 57.8 MB.

Unloading 26 unused Assets to reduce memory usage. Loaded Objects now: 2474.
Total: 2.865100 ms (FindLiveObjects: 0.315000 ms CreateObjectMapping: 0.125500 ms MarkObjects: 2.309200 ms  DeleteObjects: 0.113600 ms)

========================================================================
Received Import Request.
  Time since last request: 1216.673957 seconds.
  path: Assets/Button/flatLight22.png
  artifactKey: Guid(1cfe4f1efec3c2e44abaf6b2d8fd29d6) Importer(815301076,1909f56bfc062723c751e8b465ee728b)
Start importing Assets/Button/flatLight22.png using Guid(1cfe4f1efec3c2e44abaf6b2d8fd29d6) Importer(815301076,1909f56bfc062723c751e8b465ee728b)  -> (artifact id: '59c5a2b7a5458e5053577337119e8606') in 0.070490 seconds
  Import took 0.074624 seconds .

========================================================================
Received Import Request.
  Time since last request: 0.000195 seconds.
  path: Assets/Button/flatLight43.png
  artifactKey: Guid(9721f06da0fbbad4a828bbf6b8ff2c4a) Importer(815301076,1909f56bfc062723c751e8b465ee728b)
Start importing Assets/Button/flatLight43.png using Guid(9721f06da0fbbad4a828bbf6b8ff2c4a) Importer(815301076,1909f56bfc062723c751e8b465ee728b)  -> (artifact id: '6140d600fc127db38f8299a0a3d73433') in 0.011968 seconds
  Import took 0.015319 seconds .

========================================================================
Received Import Request.
  Time since last request: 0.000214 seconds.
  path: Assets/Button/flatLight23.png
  artifactKey: Guid(7d1a42c172055054d8b6fb9421ed613f) Importer(815301076,1909f56bfc062723c751e8b465ee728b)
Start importing Assets/Button/flatLight23.png using Guid(7d1a42c172055054d8b6fb9421ed613f) Importer(815301076,1909f56bfc062723c751e8b465ee728b)  -> (artifact id: 'cc348693049fb8aa0d3309a5d383a6b5') in 0.012687 seconds
  Import took 0.016293 seconds .

========================================================================
Received Import Request.
  Time since last request: 0.000236 seconds.
  path: Assets/Button/flatLight47.png
  artifactKey: Guid(8cf405538c076c14dbc6c0d17206ccf0) Importer(815301076,1909f56bfc062723c751e8b465ee728b)
Start importing Assets/Button/flatLight47.png using Guid(8cf405538c076c14dbc6c0d17206ccf0) Importer(815301076,1909f56bfc062723c751e8b465ee728b)  -> (artifact id: 'db80cc4130d6a3d3cb905aeea13d285a') in 0.013854 seconds
  Import took 0.017177 seconds .

========================================================================
Received Import Request.
  Time since last request: 43.248447 seconds.
  path: ProjectSettings/ProjectSettings.asset
  artifactKey: Guid(00000000000000004000000000000000) Importer(815301076,1909f56bfc062723c751e8b465ee728b)
Start importing ProjectSettings/ProjectSettings.asset using Guid(00000000000000004000000000000000) Importer(815301076,1909f56bfc062723c751e8b465ee728b)  -> (artifact id: '070a2034c96b3e51992be86f9b3e7139') in 0.007983 seconds
  Import took 0.011598 seconds .

========================================================================
Received Import Request.
  Time since last request: 0.014059 seconds.
  path: ProjectSettings/ProjectSettings.asset
  artifactKey: Guid(00000000000000004000000000000000) Importer(815301076,1909f56bfc062723c751e8b465ee728b)
Start importing ProjectSettings/ProjectSettings.asset using Guid(00000000000000004000000000000000) Importer(815301076,1909f56bfc062723c751e8b465ee728b)  -> (artifact id: '070a2034c96b3e51992be86f9b3e7139') in 0.003577 seconds
  Import took 0.007539 seconds .

========================================================================
Received Import Request.
  Time since last request: 94.572222 seconds.
  path: ProjectSettings/ProjectSettings.asset
  artifactKey: Guid(00000000000000004000000000000000) Importer(815301076,1909f56bfc062723c751e8b465ee728b)
Start importing ProjectSettings/ProjectSettings.asset using Guid(00000000000000004000000000000000) Importer(815301076,1909f56bfc062723c751e8b465ee728b)  -> (artifact id: 'e6e8c24241d9f4269943f9d223649e53') in 0.004109 seconds
  Import took 0.008410 seconds .

========================================================================
Received Import Request.
  Time since last request: 16273.513105 seconds.
  path: Assets/UI/Pad.png
  artifactKey: Guid(af6aa673cbe2ddc448add13f124780f3) Importer(815301076,1909f56bfc062723c751e8b465ee728b)
Start importing Assets/UI/Pad.png using Guid(af6aa673cbe2ddc448add13f124780f3) Importer(815301076,1909f56bfc062723c751e8b465ee728b)  -> (artifact id: '628bab31cbbb92dcada6d36c9fa89504') in 0.154053 seconds
  Import took 0.211365 seconds .

========================================================================
Received Import Request.
  Time since last request: 0.000395 seconds.
  path: Assets/UI/Platform.png
  artifactKey: Guid(9f0cc23a2042133458dec1bf66e80cad) Importer(815301076,1909f56bfc062723c751e8b465ee728b)
Start importing Assets/UI/Platform.png using Guid(9f0cc23a2042133458dec1bf66e80cad) Importer(815301076,1909f56bfc062723c751e8b465ee728b)  -> (artifact id: '72c568d02ca66ca82a76f90fa346e712') in 0.057247 seconds
  Import took 0.061673 seconds .

========================================================================
Received Import Request.
  Time since last request: 0.000358 seconds.
  path: Assets/UI/Spikes.png
  artifactKey: Guid(51b0e589ecf7b8740ba1a2cf76093561) Importer(815301076,1909f56bfc062723c751e8b465ee728b)
Start importing Assets/UI/Spikes.png using Guid(51b0e589ecf7b8740ba1a2cf76093561) Importer(815301076,1909f56bfc062723c751e8b465ee728b)  -> (artifact id: 'c734c36d4b59fafd49a47d1e1834d85e') in 0.142380 seconds
  Import took 0.146567 seconds .

========================================================================
Received Import Request.
  Time since last request: 0.000306 seconds.
  path: Assets/UI/Sky.png
  artifactKey: Guid(dbf7a627b298bfd4f96ebc02be54bb3c) Importer(815301076,1909f56bfc062723c751e8b465ee728b)
Start importing Assets/UI/Sky.png using Guid(dbf7a627b298bfd4f96ebc02be54bb3c) Importer(815301076,1909f56bfc062723c751e8b465ee728b)  -> (artifact id: '1a7a44032337fbd3a7361f7c866b7f89') in 0.185239 seconds
  Import took 0.190095 seconds .

========================================================================
Received Import Request.
  Time since last request: 0.000300 seconds.
  path: Assets/UI/UI.png
  artifactKey: Guid(bc99ec343cc9acd4db113950b3a41d2a) Importer(815301076,1909f56bfc062723c751e8b465ee728b)
Start importing Assets/UI/UI.png using Guid(bc99ec343cc9acd4db113950b3a41d2a) Importer(815301076,1909f56bfc062723c751e8b465ee728b)  -> (artifact id: 'cf640ba20e9f26a3566dc6f38a5230d6') in 0.070941 seconds
  Import took 0.074944 seconds .

========================================================================
Received Prepare
Registering precompiled user dll's ...
Registered in 0.008954 seconds.
Begin MonoManager ReloadAssembly
Native extension for WindowsStandalone target not found
Refreshing native plugins compatible for Editor in 0.58 ms, found 2 plugins.
Preloading 0 native plugins for Editor in 0.00 ms.
Invoked RoslynAnalysisRunner static constructor.
RoslynAnalysisRunner will not be running.
RoslynAnalysisRunner has terminated.
Mono: successfully reloaded assembly
- Completed reload, in  2.351 seconds
Platform modules already initialized, skipping
Switching build target platform(5) subTarget(0) extendedPlatform(0) -> platform(13) subTarget(537395200) extendedPlatform(0)
Refreshing native plugins compatible for Editor in 0.51 ms, found 2 plugins.
Preloading 0 native plugins for Editor in 0.00 ms.
Unloading 1815 Unused Serialized files (Serialized files now loaded: 0)
System memory in use before: 93.2 MB.
System memory in use after: 93.2 MB.

Unloading 31 unused Assets to reduce memory usage. Loaded Objects now: 2478.
Total: 2.632900 ms (FindLiveObjects: 0.264000 ms CreateObjectMapping: 0.073800 ms MarkObjects: 2.175100 ms  DeleteObjects: 0.118700 ms)

AssetImportParameters requested are different than current active one (requested -> active):
  custom:graphics/normal-map-encoding: 01000000000000000000000000000000 -> 02000000000000000000000000000000
========================================================================
Received Prepare
Registering precompiled user dll's ...
Registered in 0.007231 seconds.
Begin MonoManager ReloadAssembly
Native extension for WindowsStandalone target not found
Refreshing native plugins compatible for Editor in 0.47 ms, found 2 plugins.
Preloading 0 native plugins for Editor in 0.00 ms.
Invoked RoslynAnalysisRunner static constructor.
RoslynAnalysisRunner will not be running.
RoslynAnalysisRunner has terminated.
Mono: successfully reloaded assembly
- Completed reload, in  1.413 seconds
Platform modules already initialized, skipping
Switching build target platform(5) subTarget(0) extendedPlatform(0) -> platform(13) subTarget(537395200) extendedPlatform(0)
Refreshing native plugins compatible for Editor in 0.67 ms, found 2 plugins.
Preloading 0 native plugins for Editor in 0.00 ms.
Unloading 1815 Unused Serialized files (Serialized files now loaded: 0)
System memory in use before: 93.2 MB.
System memory in use after: 93.2 MB.

Unloading 28 unused Assets to reduce memory usage. Loaded Objects now: 2481.
Total: 3.053600 ms (FindLiveObjects: 0.376100 ms CreateObjectMapping: 0.164200 ms MarkObjects: 2.368600 ms  DeleteObjects: 0.142900 ms)

AssetImportParameters requested are different than current active one (requested -> active):
  custom:graphics/normal-map-encoding: 01000000000000000000000000000000 -> 02000000000000000000000000000000
========================================================================
Received Prepare
Registering precompiled user dll's ...
Registered in 0.007392 seconds.
Begin MonoManager ReloadAssembly
Native extension for WindowsStandalone target not found
Refreshing native plugins compatible for Editor in 0.76 ms, found 2 plugins.
Preloading 0 native plugins for Editor in 0.00 ms.
Invoked RoslynAnalysisRunner static constructor.
RoslynAnalysisRunner will not be running.
RoslynAnalysisRunner has terminated.
Mono: successfully reloaded assembly
- Completed reload, in  1.489 seconds
Platform modules already initialized, skipping
Switching build target platform(5) subTarget(0) extendedPlatform(0) -> platform(13) subTarget(537395200) extendedPlatform(0)
Refreshing native plugins compatible for Editor in 0.54 ms, found 2 plugins.
Preloading 0 native plugins for Editor in 0.00 ms.
Unloading 1815 Unused Serialized files (Serialized files now loaded: 0)
System memory in use before: 93.3 MB.
System memory in use after: 93.3 MB.

Unloading 28 unused Assets to reduce memory usage. Loaded Objects now: 2484.
Total: 3.932900 ms (FindLiveObjects: 0.692500 ms CreateObjectMapping: 0.232200 ms MarkObjects: 2.867200 ms  DeleteObjects: 0.137600 ms)

AssetImportParameters requested are different than current active one (requested -> active):
  custom:graphics/normal-map-encoding: 01000000000000000000000000000000 -> 02000000000000000000000000000000
========================================================================
Received Prepare
Registering precompiled user dll's ...
Registered in 0.009727 seconds.
Begin MonoManager ReloadAssembly
Native extension for WindowsStandalone target not found
Refreshing native plugins compatible for Editor in 0.44 ms, found 2 plugins.
Preloading 0 native plugins for Editor in 0.00 ms.
Invoked RoslynAnalysisRunner static constructor.
RoslynAnalysisRunner will not be running.
RoslynAnalysisRunner has terminated.
Mono: successfully reloaded assembly
- Completed reload, in  1.559 seconds
Platform modules already initialized, skipping
Switching build target platform(5) subTarget(0) extendedPlatform(0) -> platform(13) subTarget(537395200) extendedPlatform(0)
Refreshing native plugins compatible for Editor in 0.47 ms, found 2 plugins.
Preloading 0 native plugins for Editor in 0.00 ms.
Unloading 1815 Unused Serialized files (Serialized files now loaded: 0)
System memory in use before: 93.3 MB.
System memory in use after: 93.3 MB.

Unloading 28 unused Assets to reduce memory usage. Loaded Objects now: 2487.
Total: 2.880600 ms (FindLiveObjects: 0.455800 ms CreateObjectMapping: 0.098700 ms MarkObjects: 2.131100 ms  DeleteObjects: 0.193300 ms)

AssetImportParameters requested are different than current active one (requested -> active):
  custom:graphics/normal-map-encoding: 01000000000000000000000000000000 -> 02000000000000000000000000000000
========================================================================
Received Prepare
Registering precompiled user dll's ...
Registered in 0.009377 seconds.
Begin MonoManager ReloadAssembly
Native extension for WindowsStandalone target not found
Refreshing native plugins compatible for Editor in 0.45 ms, found 2 plugins.
Preloading 0 native plugins for Editor in 0.00 ms.
Invoked RoslynAnalysisRunner static constructor.
RoslynAnalysisRunner will not be running.
RoslynAnalysisRunner has terminated.
Mono: successfully reloaded assembly
- Completed reload, in  1.582 seconds
Platform modules already initialized, skipping
Switching build target platform(5) subTarget(0) extendedPlatform(0) -> platform(13) subTarget(537395200) extendedPlatform(0)
Refreshing native plugins compatible for Editor in 0.51 ms, found 2 plugins.
Preloading 0 native plugins for Editor in 0.00 ms.
Unloading 1815 Unused Serialized files (Serialized files now loaded: 0)
System memory in use before: 93.4 MB.
System memory in use after: 93.4 MB.

Unloading 28 unused Assets to reduce memory usage. Loaded Objects now: 2490.
Total: 2.428400 ms (FindLiveObjects: 0.181900 ms CreateObjectMapping: 0.064800 ms MarkObjects: 2.023800 ms  DeleteObjects: 0.156800 ms)

AssetImportParameters requested are different than current active one (requested -> active):
  custom:graphics/normal-map-encoding: 01000000000000000000000000000000 -> 02000000000000000000000000000000
========================================================================
Received Prepare
Registering precompiled user dll's ...
Registered in 0.009154 seconds.
Begin MonoManager ReloadAssembly
Native extension for WindowsStandalone target not found
Refreshing native plugins compatible for Editor in 1.20 ms, found 2 plugins.
Preloading 0 native plugins for Editor in 0.00 ms.
Invoked RoslynAnalysisRunner static constructor.
RoslynAnalysisRunner will not be running.
RoslynAnalysisRunner has terminated.
Mono: successfully reloaded assembly
- Completed reload, in  1.703 seconds
Platform modules already initialized, skipping
Switching build target platform(5) subTarget(0) extendedPlatform(0) -> platform(13) subTarget(537395200) extendedPlatform(0)
Refreshing native plugins compatible for Editor in 2.30 ms, found 2 plugins.
Preloading 0 native plugins for Editor in 0.00 ms.
Unloading 1815 Unused Serialized files (Serialized files now loaded: 0)
System memory in use before: 93.4 MB.
System memory in use after: 93.4 MB.

Unloading 28 unused Assets to reduce memory usage. Loaded Objects now: 2493.
Total: 2.505400 ms (FindLiveObjects: 0.331800 ms CreateObjectMapping: 0.084500 ms MarkObjects: 1.943100 ms  DeleteObjects: 0.145000 ms)

AssetImportParameters requested are different than current active one (requested -> active):
  custom:graphics/normal-map-encoding: 01000000000000000000000000000000 -> 02000000000000000000000000000000
========================================================================
Received Prepare
Registering precompiled user dll's ...
Registered in 0.008566 seconds.
Begin MonoManager ReloadAssembly
Native extension for WindowsStandalone target not found
Refreshing native plugins compatible for Editor in 0.44 ms, found 2 plugins.
Preloading 0 native plugins for Editor in 0.00 ms.
Invoked RoslynAnalysisRunner static constructor.
RoslynAnalysisRunner will not be running.
RoslynAnalysisRunner has terminated.
Mono: successfully reloaded assembly
- Completed reload, in  1.511 seconds
Platform modules already initialized, skipping
Switching build target platform(5) subTarget(0) extendedPlatform(0) -> platform(13) subTarget(537395200) extendedPlatform(0)
Refreshing native plugins compatible for Editor in 0.67 ms, found 2 plugins.
Preloading 0 native plugins for Editor in 0.00 ms.
Unloading 1815 Unused Serialized files (Serialized files now loaded: 0)
System memory in use before: 93.5 MB.
System memory in use after: 93.5 MB.

Unloading 28 unused Assets to reduce memory usage. Loaded Objects now: 2496.
Total: 2.257800 ms (FindLiveObjects: 0.216200 ms CreateObjectMapping: 0.069200 ms MarkObjects: 1.830200 ms  DeleteObjects: 0.141300 ms)

AssetImportParameters requested are different than current active one (requested -> active):
  custom:graphics/normal-map-encoding: 01000000000000000000000000000000 -> 02000000000000000000000000000000
========================================================================
Received Prepare
Registering precompiled user dll's ...
Registered in 0.007265 seconds.
Begin MonoManager ReloadAssembly
Native extension for WindowsStandalone target not found
Refreshing native plugins compatible for Editor in 1.26 ms, found 2 plugins.
Preloading 0 native plugins for Editor in 0.00 ms.
Invoked RoslynAnalysisRunner static constructor.
RoslynAnalysisRunner will not be running.
RoslynAnalysisRunner has terminated.
Mono: successfully reloaded assembly
- Completed reload, in  1.740 seconds
Platform modules already initialized, skipping
Switching build target platform(5) subTarget(0) extendedPlatform(0) -> platform(13) subTarget(537395200) extendedPlatform(0)
Refreshing native plugins compatible for Editor in 0.90 ms, found 2 plugins.
Preloading 0 native plugins for Editor in 0.00 ms.
Unloading 1815 Unused Serialized files (Serialized files now loaded: 0)
System memory in use before: 93.6 MB.
System memory in use after: 93.6 MB.

Unloading 28 unused Assets to reduce memory usage. Loaded Objects now: 2499.
Total: 3.094700 ms (FindLiveObjects: 0.293200 ms CreateObjectMapping: 0.091900 ms MarkObjects: 2.575500 ms  DeleteObjects: 0.132100 ms)

AssetImportParameters requested are different than current active one (requested -> active):
  custom:graphics/normal-map-encoding: 01000000000000000000000000000000 -> 02000000000000000000000000000000
AssetImportWorkerClient::OnTransportError - code=2 error=End of file
